This file contains any messages produced by compilers while
running configure, to aid debugging if configure makes a mistake.

It was created by configure, which was
generated by GNU Autoconf 2.61.  Invocation command line was

  $ ./configure --enable-maintainer-mode --no-create --no-recursion

## --------- ##
## Platform. ##
## --------- ##

hostname = ivy
uname -m = i686
uname -r = 2.6.24-19-generic
uname -s = Linux
uname -v = #1 SMP Wed Aug 20 22:56:21 UTC 2008

/usr/bin/uname -p = unknown
/bin/uname -X     = unknown

/bin/arch              = unknown
/usr/bin/arch -k       = unknown
/usr/convex/getsysinfo = unknown
/usr/bin/hostinfo      = unknown
/bin/machine           = unknown
/usr/bin/oslevel       = unknown
/bin/universe          = unknown

PATH: /usr/local/sbin
PATH: /usr/local/bin
PATH: /usr/sbin
PATH: /usr/bin
PATH: /sbin
PATH: /bin
PATH: /usr/games
PATH: /home/taku/.root/bin
PATH: /usr/bin/X11
PATH: /usr/X11R6/bin
PATH: /home/taku/.root/bin/inno
PATH: /home/taku/.root/bin/Linux


## ----------- ##
## Core tests. ##
## ----------- ##

configure:1688: checking for a BSD-compatible install
configure:1744: result: /usr/bin/install -c
configure:1755: checking whether build environment is sane
configure:1798: result: yes
configure:1826: checking for a thread-safe mkdir -p
configure:1865: result: /bin/mkdir -p
configure:1878: checking for gawk
configure:1908: result: no
configure:1878: checking for mawk
configure:1894: found /usr/bin/mawk
configure:1905: result: mawk
configure:1916: checking whether make sets $(MAKE)
configure:1937: result: yes
configure:2138: checking for a BSD-compatible install
configure:2194: result: /usr/bin/install -c
configure:2218: checking for zinnia_convert
configure:2236: found /usr/local/bin/zinnia_convert
configure:2248: result: /usr/local/bin/zinnia_convert
configure:2411: creating ./config.status

## ---------------- ##
## Cache variables. ##
## ---------------- ##

ac_cv_env_build_alias_set=
ac_cv_env_build_alias_value=
ac_cv_env_host_alias_set=
ac_cv_env_host_alias_value=
ac_cv_env_target_alias_set=
ac_cv_env_target_alias_value=
ac_cv_path_ZINNIA_CONVERT=/usr/local/bin/zinnia_convert
ac_cv_path_install='/usr/bin/install -c'
ac_cv_path_mkdir=/bin/mkdir
ac_cv_prog_AWK=mawk
ac_cv_prog_make_make_set=yes

## ----------------- ##
## Output variables. ##
## ----------------- ##

ACLOCAL='${SHELL} /home/taku/proj/zinnia/zinnia-tomoe-model/missing --run aclocal-1.10'
AMTAR='${SHELL} /home/taku/proj/zinnia/zinnia-tomoe-model/missing --run tar'
AUTOCONF='${SHELL} /home/taku/proj/zinnia/zinnia-tomoe-model/missing --run autoconf'
AUTOHEADER='${SHELL} /home/taku/proj/zinnia/zinnia-tomoe-model/missing --run autoheader'
AUTOMAKE='${SHELL} /home/taku/proj/zinnia/zinnia-tomoe-model/missing --run automake-1.10'
AWK='mawk'
CYGPATH_W='echo'
DEFS='-DPACKAGE_NAME=\"\" -DPACKAGE_TARNAME=\"\" -DPACKAGE_VERSION=\"\" -DPACKAGE_STRING=\"\" -DPACKAGE_BUGREPORT=\"\" -DPACKAGE=\"zinnia-tomoe\" -DVERSION=\"0.6.0-20080911\"'
ECHO_C=''
ECHO_N='-n'
ECHO_T=''
INSTALL_DATA='${INSTALL} -m 644'
INSTALL_PROGRAM='${INSTALL}'
INSTALL_SCRIPT='${INSTALL}'
INSTALL_STRIP_PROGRAM='$(install_sh) -c -s'
LIBOBJS=''
LIBS=''
LTLIBOBJS=''
MAKEINFO='${SHELL} /home/taku/proj/zinnia/zinnia-tomoe-model/missing --run makeinfo'
PACKAGE='zinnia-tomoe'
PACKAGE_BUGREPORT=''
PACKAGE_NAME=''
PACKAGE_STRING=''
PACKAGE_TARNAME=''
PACKAGE_VERSION=''
PATH_SEPARATOR=':'
SET_MAKE=''
SHELL='/bin/bash'
STRIP=''
VERSION='0.6.0-20080911'
ZINNIA_CONVERT='/usr/local/bin/zinnia_convert'
ZINNIA_GENDATA='handwriting-ja.model handwriting-zh_CN.model'
ZINNIA_TEXT_MODEL='handwriting-ja.model.txt handwriting-zh_CN.model.txt'
am__isrc=''
am__leading_dot='.'
am__tar='${AMTAR} chof - "$$tardir"'
am__untar='${AMTAR} xf -'
bindir='${exec_prefix}/bin'
build_alias=''
datadir='${datarootdir}'
datarootdir='${prefix}/share'
docdir='${datarootdir}/doc/${PACKAGE}'
dvidir='${docdir}'
exec_prefix='${prefix}'
host_alias=''
htmldir='${docdir}'
includedir='${prefix}/include'
infodir='${datarootdir}/info'
install_sh='$(SHELL) /home/taku/proj/zinnia/zinnia-tomoe-model/install-sh'
libdir='${exec_prefix}/lib'
libexecdir='${exec_prefix}/libexec'
localedir='${datarootdir}/locale'
localstatedir='${prefix}/var'
mandir='${datarootdir}/man'
mkdir_p='/bin/mkdir -p'
oldincludedir='/usr/include'
pdfdir='${docdir}'
prefix='/usr/local'
program_transform_name='s,x,x,'
psdir='${docdir}'
sbindir='${exec_prefix}/sbin'
sharedstatedir='${prefix}/com'
sysconfdir='${prefix}/etc'
target_alias=''

## ----------- ##
## confdefs.h. ##
## ----------- ##

#define PACKAGE_NAME ""
#define PACKAGE_TARNAME ""
#define PACKAGE_VERSION ""
#define PACKAGE_STRING ""
#define PACKAGE_BUGREPORT ""
#define PACKAGE "zinnia-tomoe"
#define VERSION "0.6.0-20080911"

configure: exit 0

## ---------------------- ##
## Running config.status. ##
## ---------------------- ##

This file was extended by config.status, which was
generated by GNU Autoconf 2.61.  Invocation command line was

  CONFIG_FILES    = 
  CONFIG_HEADERS  = 
  CONFIG_LINKS    = 
  CONFIG_COMMANDS = 
  $ ./config.status 

on ivy

config.status:591: creating Makefile

## ---------------------- ##
## Running config.status. ##
## ---------------------- ##

This file was extended by config.status, which was
generated by GNU Autoconf 2.61.  Invocation command line was

  CONFIG_FILES    = 
  CONFIG_HEADERS  = 
  CONFIG_LINKS    = 
  CONFIG_COMMANDS = 
  $ ./config.status Makefile

on ivy

config.status:591: creating Makefile
